Using pre-set license
Built from '2020.3/staging' branch; Version is '2020.3.48f1 (b805b124c6b7) revision 12060081'; Using compiler version '192528614'; Build Type 'Release'
OS: 'Windows 10  (10.0.19045) 64bit Professional' Language: 'ru' Physical Memory: 16306 MB
BatchMode: 1, IsHumanControllingUs: 0, StartBugReporterOnCrash: 0, Is64bit: 1, IsPro: 0

COMMAND LINE ARGUMENTS:
E:\unity\2020.3.48f1\Editor\Unity.exe
-adb2
-batchMode
-noUpm
-name
AssetImportWorker0
-projectPath
C:/Users/PELMEXr/Documents/GitHub/A-NewGame
-logFile
Logs/AssetImportWorker0.log
-srvPort
50714
Successfully changed project path to: C:/Users/PELMEXr/Documents/GitHub/A-NewGame
C:/Users/PELMEXr/Documents/GitHub/A-NewGame
Using Asset Import Pipeline V2.
Player connection [9496] Host "[IP] 192.168.56.1 [Port] 3221442592 [Flags] 2 [Guid] 3037000110 [EditorId] 3037000110 [Version] 1048832 [Id] WindowsEditor(7,Pelmex-computer) [Debug] 1 [PackageName] WindowsEditor [ProjectName] Editor" joined multi-casting on [225.0.0.222:54997]...

Player connection [9496] Host "[IP] 192.168.56.1 [Port] 3221442592 [Flags] 2 [Guid] 3037000110 [EditorId] 3037000110 [Version] 1048832 [Id] WindowsEditor(7,Pelmex-computer) [Debug] 1 [PackageName] WindowsEditor [ProjectName] Editor" joined alternative multi-casting on [225.0.0.222:34997]...

Refreshing native plugins compatible for Editor in 22.77 ms, found 2 plugins.
Preloading 0 native plugins for Editor in 0.00 ms.
Initialize engine version: 2020.3.48f1 (b805b124c6b7)
[Subsystems] Discovering subsystems at path E:/unity/2020.3.48f1/Editor/Data/Resources/UnitySubsystems
[Subsystems] Discovering subsystems at path C:/Users/PELMEXr/Documents/GitHub/A-NewGame/Assets
GfxDevice: creating device client; threaded=0
Direct3D:
    Version:  Direct3D 11.0 [level 11.1]
    Renderer: NVIDIA GeForce GTX 1660 SUPER (ID=0x21c4)
    Vendor:   
    VRAM:     5980 MB
    Driver:   31.0.15.3667
Initialize mono
Mono path[0] = 'E:/unity/2020.3.48f1/Editor/Data/Managed'
Mono path[1] = 'E:/unity/2020.3.48f1/Editor/Data/MonoBleedingEdge/lib/mono/unityjit'
Mono config path = 'E:/unity/2020.3.48f1/Editor/Data/MonoBleedingEdge/etc'
Using monoOptions --debugger-agent=transport=dt_socket,embedding=1,server=y,suspend=n,address=127.0.0.1:56856
Begin MonoManager ReloadAssembly
Registering precompiled unity dll's ...
Register platform support module: E:/unity/2020.3.48f1/Editor/Data/PlaybackEngines/WindowsStandaloneSupport/UnityEditor.WindowsStandalone.Extensions.dll
Registered in 0.000769 seconds.
Native extension for WindowsStandalone target not found
Refreshing native plugins compatible for Editor in 20.08 ms, found 2 plugins.
Preloading 0 native plugins for Editor in 0.00 ms.
Mono: successfully reloaded assembly
- Completed reload, in  0.380 seconds
Domain Reload Profiling:
	ReloadAssembly (380ms)
		BeginReloadAssembly (45ms)
			ExecutionOrderSort (0ms)
			DisableScriptedObjects (0ms)
			BackupInstance (0ms)
			ReleaseScriptingObjects (0ms)
			CreateAndSetChildDomain (1ms)
		EndReloadAssembly (290ms)
			LoadAssemblies (45ms)
			RebuildTransferFunctionScriptingTraits (0ms)
			SetupTypeCache (93ms)
			ReleaseScriptCaches (0ms)
			RebuildScriptCaches (19ms)
			SetupLoadedEditorAssemblies (113ms)
				LogAssemblyErrors (0ms)
				InitializePlatformSupportModulesInManaged (3ms)
				SetLoadedEditorAssemblies (0ms)
				RefreshPlugins (20ms)
				BeforeProcessingInitializeOnLoad (9ms)
				ProcessInitializeOnLoadAttributes (60ms)
				ProcessInitializeOnLoadMethodAttributes (20ms)
				AfterProcessingInitializeOnLoad (0ms)
				EditorAssembliesLoaded (0ms)
			ExecutionOrderSort2 (0ms)
			AwakeInstancesAfterBackupRestoration (0ms)
Platform modules already initialized, skipping
Registering precompiled user dll's ...
Registered in 0.002445 seconds.
Begin MonoManager ReloadAssembly
Native extension for WindowsStandalone target not found
Refreshing native plugins compatible for Editor in 0.31 ms, found 2 plugins.
Preloading 0 native plugins for Editor in 0.00 ms.
Mono: successfully reloaded assembly
- Completed reload, in  0.645 seconds
Domain Reload Profiling:
	ReloadAssembly (645ms)
		BeginReloadAssembly (98ms)
			ExecutionOrderSort (0ms)
			DisableScriptedObjects (3ms)
			BackupInstance (0ms)
			ReleaseScriptingObjects (0ms)
			CreateAndSetChildDomain (15ms)
		EndReloadAssembly (509ms)
			LoadAssemblies (67ms)
			RebuildTransferFunctionScriptingTraits (0ms)
			SetupTypeCache (171ms)
			ReleaseScriptCaches (0ms)
			RebuildScriptCaches (26ms)
			SetupLoadedEditorAssemblies (202ms)
				LogAssemblyErrors (0ms)
				InitializePlatformSupportModulesInManaged (3ms)
				SetLoadedEditorAssemblies (0ms)
				RefreshPlugins (0ms)
				BeforeProcessingInitializeOnLoad (55ms)
				ProcessInitializeOnLoadAttributes (135ms)
				ProcessInitializeOnLoadMethodAttributes (6ms)
				AfterProcessingInitializeOnLoad (2ms)
				EditorAssembliesLoaded (0ms)
			ExecutionOrderSort2 (0ms)
			AwakeInstancesAfterBackupRestoration (1ms)
Platform modules already initialized, skipping
========================================================================
Worker process is ready to serve import requests
Launched and connected shader compiler UnityShaderCompiler.exe after 0.03 seconds
Refreshing native plugins compatible for Editor in 0.57 ms, found 2 plugins.
Preloading 0 native plugins for Editor in 0.00 ms.
Unloading 1319 Unused Serialized files (Serialized files now loaded: 0)
System memory in use before: 75.7 MB.
System memory in use after: 75.8 MB.

Unloading 17 unused Assets to reduce memory usage. Loaded Objects now: 1769.
Total: 2.198500 ms (FindLiveObjects: 0.111200 ms CreateObjectMapping: 0.031600 ms MarkObjects: 1.975500 ms  DeleteObjects: 0.079500 ms)

AssetImportParameters requested are different than current active one (requested -> active):
  custom:framework-win-MediaFoundation: 216162199b28c13a410421893ffa2e32 -> 
  custom:video-decoder-ogg-theora: a1e56fd34408186e4bbccfd4996cb3dc -> 
  custom:container-muxer-webm: aa71ff27fc2769a1b78a27578f13a17b -> 
  custom:container-demuxer-webm: 4f35f7cbe854078d1ac9338744f61a02 -> 
  custom:container-demuxer-ogg: 62fdf1f143b41e24485cea50d1cbac27 -> 
  custom:video-encoder-webm-vp8: eb34c28f22e8b96e1ab97ce403110664 -> 
  custom:video-decoder-webm-vp8: 9c59270c3fd7afecdb556c50c9e8de78 -> 
  custom:audio-decoder-ogg-vorbis: bf7c407c2cedff20999df2af8eb42d56 -> 
  custom:audio-encoder-webm-vorbis: bf7c407c2cedff20999df2af8eb42d56 -> 
========================================================================
Received Import Request.
  path: Assets/Blink/Art/Characters
  artifactKey: Guid(d3108140d939a4a4d99396fca81ed378) Importer(815301076,1909f56bfc062723c751e8b465ee728b)
Start importing Assets/Blink/Art/Characters using Guid(d3108140d939a4a4d99396fca81ed378) Importer(815301076,1909f56bfc062723c751e8b465ee728b)  -> (artifact id: '517dbd9caa34cd2c7dab192abbbfd85a') in 0.010685 seconds 
========================================================================
Received Import Request.
  Time since last request: 0.000186 seconds.
  path: Assets/Blink/Art
  artifactKey: Guid(129d5b9f03c802a4193de37d8fd7019e) Importer(815301076,1909f56bfc062723c751e8b465ee728b)
Start importing Assets/Blink/Art using Guid(129d5b9f03c802a4193de37d8fd7019e) Importer(815301076,1909f56bfc062723c751e8b465ee728b)  -> (artifact id: '0af872b8ce9ad782bc9dc5811f100bcc') in 0.007004 seconds 
========================================================================
Received Import Request.
  Time since last request: 0.222446 seconds.
  path: Assets/Blink/Art/Characters/Stylized
  artifactKey: Guid(8d4697148658c5d43af10bd4e0f73490) Importer(815301076,1909f56bfc062723c751e8b465ee728b)
Start importing Assets/Blink/Art/Characters/Stylized using Guid(8d4697148658c5d43af10bd4e0f73490) Importer(815301076,1909f56bfc062723c751e8b465ee728b)  -> (artifact id: '9b5f86d743bc8e29711e8e2890d35694') in 0.006236 seconds 
========================================================================
Received Import Request.
  Time since last request: 0.624385 seconds.
  path: Assets/Blink/Art/Characters/Stylized/Humans
  artifactKey: Guid(3f19fedded1641c4895d8d5aedb17e9b) Importer(815301076,1909f56bfc062723c751e8b465ee728b)
Start importing Assets/Blink/Art/Characters/Stylized/Humans using Guid(3f19fedded1641c4895d8d5aedb17e9b) Importer(815301076,1909f56bfc062723c751e8b465ee728b)  -> (artifact id: '472b7bed0497e94870480fe54c846cda') in 0.006703 seconds 
========================================================================
Received Import Request.
  Time since last request: 0.759474 seconds.
  path: Assets/Blink/Art/Characters/Stylized/Humans/Materials_Humans
  artifactKey: Guid(a215d8cdce4d0c343b394b229c7deae2) Importer(815301076,1909f56bfc062723c751e8b465ee728b)
Start importing Assets/Blink/Art/Characters/Stylized/Humans/Materials_Humans using Guid(a215d8cdce4d0c343b394b229c7deae2) Importer(815301076,1909f56bfc062723c751e8b465ee728b)  -> (artifact id: 'ff6878e39c32e7c15bfcdf69f010071f') in 0.006353 seconds 
========================================================================
Received Import Request.
  Time since last request: 0.062549 seconds.
  path: Assets/Blink/Art/Characters/Stylized/Humans/Materials_Humans/Accessories.mat
  artifactKey: Guid(39ae67ede742d8c47ab9068a6d2707a4) Importer(815301076,1909f56bfc062723c751e8b465ee728b)
Start importing Assets/Blink/Art/Characters/Stylized/Humans/Materials_Humans/Accessories.mat using Guid(39ae67ede742d8c47ab9068a6d2707a4) Importer(815301076,1909f56bfc062723c751e8b465ee728b)  -> (artifact id: '6fae7c779c6e7e1ea4c6b92283abffbe') in 0.376890 seconds 
========================================================================
Received Import Request.
  Time since last request: 0.000124 seconds.
  path: Assets/Blink/Art/Characters/Stylized/Humans/Materials_Humans/Eyes.mat
  artifactKey: Guid(7726c302197b98f4ab78e0270ffc7b2f) Importer(815301076,1909f56bfc062723c751e8b465ee728b)
Start importing Assets/Blink/Art/Characters/Stylized/Humans/Materials_Humans/Eyes.mat using Guid(7726c302197b98f4ab78e0270ffc7b2f) Importer(815301076,1909f56bfc062723c751e8b465ee728b)  -> (artifact id: 'a05bd18dbd87a8ad67b412dbe25dcfb3') in 0.015138 seconds 
========================================================================
Received Import Request.
  Time since last request: 0.000119 seconds.
  path: Assets/Blink/Art/Characters/Stylized/Humans/Materials_Humans/Hair1.mat
  artifactKey: Guid(9cf0ecea53738bf4c9b9b7f4d3c740a7) Importer(815301076,1909f56bfc062723c751e8b465ee728b)
Start importing Assets/Blink/Art/Characters/Stylized/Humans/Materials_Humans/Hair1.mat using Guid(9cf0ecea53738bf4c9b9b7f4d3c740a7) Importer(815301076,1909f56bfc062723c751e8b465ee728b)  -> (artifact id: 'c83f56ec2d6ec05d6eb020182d20af89') in 0.016853 seconds 
========================================================================
Received Import Request.
  Time since last request: 0.000122 seconds.
  path: Assets/Blink/Art/Characters/Stylized/Humans/Materials_Humans/Face1.mat
  artifactKey: Guid(054d31690a0aa2b4ca36ab9490a41860) Importer(815301076,1909f56bfc062723c751e8b465ee728b)
Start importing Assets/Blink/Art/Characters/Stylized/Humans/Materials_Humans/Face1.mat using Guid(054d31690a0aa2b4ca36ab9490a41860) Importer(815301076,1909f56bfc062723c751e8b465ee728b)  -> (artifact id: '5337ef25788bc6c8b40f920552cfe15a') in 0.023271 seconds 
========================================================================
Received Import Request.
  Time since last request: 0.000118 seconds.
  path: Assets/Blink/Art/Characters/Stylized/Humans/Materials_Humans/Body.mat
  artifactKey: Guid(a61b60ffb43586e40adaba8c9f15351a) Importer(815301076,1909f56bfc062723c751e8b465ee728b)
Start importing Assets/Blink/Art/Characters/Stylized/Humans/Materials_Humans/Body.mat using Guid(a61b60ffb43586e40adaba8c9f15351a) Importer(815301076,1909f56bfc062723c751e8b465ee728b)  -> (artifact id: '1ef0a09c63440bd2e4208d7e7492aeb3') in 0.028676 seconds 
========================================================================
Received Import Request.
  Time since last request: 0.000133 seconds.
  path: Assets/Blink/Art/Characters/Stylized/Humans/Materials_Humans/Hair2.mat
  artifactKey: Guid(ab2bb6566402b8d43a5ec0dcf31e9479) Importer(815301076,1909f56bfc062723c751e8b465ee728b)
Start importing Assets/Blink/Art/Characters/Stylized/Humans/Materials_Humans/Hair2.mat using Guid(ab2bb6566402b8d43a5ec0dcf31e9479) Importer(815301076,1909f56bfc062723c751e8b465ee728b)  -> (artifact id: '3e5a8570aa4af997aee18b25b2f05162') in 0.019453 seconds 
========================================================================
Received Import Request.
  Time since last request: 0.000126 seconds.
  path: Assets/Blink/Art/Characters/Stylized/Humans/Materials_Humans/Eyebrows.mat
  artifactKey: Guid(1b785a40cb9ab8e42bd50b5a2ba605ce) Importer(815301076,1909f56bfc062723c751e8b465ee728b)
Start importing Assets/Blink/Art/Characters/Stylized/Humans/Materials_Humans/Eyebrows.mat using Guid(1b785a40cb9ab8e42bd50b5a2ba605ce) Importer(815301076,1909f56bfc062723c751e8b465ee728b)  -> (artifact id: '7a3dd3b560742b42b5cb582ec3b75161') in 0.015636 seconds 
========================================================================
Received Import Request.
  Time since last request: 0.000111 seconds.
  path: Assets/Blink/Art/Characters/Stylized/Humans/Materials_Humans/EyesOuter.mat
  artifactKey: Guid(9a99dff16321ae842a85df39fa0e9992) Importer(815301076,1909f56bfc062723c751e8b465ee728b)
Start importing Assets/Blink/Art/Characters/Stylized/Humans/Materials_Humans/EyesOuter.mat using Guid(9a99dff16321ae842a85df39fa0e9992) Importer(815301076,1909f56bfc062723c751e8b465ee728b)  -> (artifact id: '44c64ece084581c3aba0455e7115bda9') in 0.013535 seconds 
========================================================================
Received Import Request.
  Time since last request: 0.000115 seconds.
  path: Assets/Blink/Art/Characters/Stylized/Humans/Materials_Humans/Beard1.mat
  artifactKey: Guid(2b8722774621290489629b8af9081387) Importer(815301076,1909f56bfc062723c751e8b465ee728b)
Start importing Assets/Blink/Art/Characters/Stylized/Humans/Materials_Humans/Beard1.mat using Guid(2b8722774621290489629b8af9081387) Importer(815301076,1909f56bfc062723c751e8b465ee728b)  -> (artifact id: '65a00fdd8f875509585593b86983a584') in 0.015434 seconds 
========================================================================
Received Import Request.
  Time since last request: 0.000115 seconds.
  path: Assets/Blink/Art/Characters/Stylized/Humans/Materials_Humans/Beard3.mat
  artifactKey: Guid(8a2e206b5d152dd4baa9ca8f0aab825c) Importer(815301076,1909f56bfc062723c751e8b465ee728b)
Start importing Assets/Blink/Art/Characters/Stylized/Humans/Materials_Humans/Beard3.mat using Guid(8a2e206b5d152dd4baa9ca8f0aab825c) Importer(815301076,1909f56bfc062723c751e8b465ee728b)  -> (artifact id: '22376be433c2277c2aab83f4c6ed2ce0') in 0.015105 seconds 
========================================================================
Received Import Request.
  Time since last request: 4.813592 seconds.
  path: Assets/Blink/Art/Characters/Stylized/Humans/Armors_Humans/Materials_ArmorsHumans
  artifactKey: Guid(c6b5ce09edcb0fd4c9270f4d18a6e241) Importer(815301076,1909f56bfc062723c751e8b465ee728b)
Start importing Assets/Blink/Art/Characters/Stylized/Humans/Armors_Humans/Materials_ArmorsHumans using Guid(c6b5ce09edcb0fd4c9270f4d18a6e241) Importer(815301076,1909f56bfc062723c751e8b465ee728b)  -> (artifact id: '3d9fc8aaefbbb8f5cbc647d6ce83e09b') in 0.006236 seconds 
========================================================================
Received Import Request.
  Time since last request: 0.035812 seconds.
  path: Assets/Blink/Art/Characters/Stylized/Humans/Armors_Humans/Materials_ArmorsHumans/StarterArmor_1.mat
  artifactKey: Guid(bd95d05da092ee546bb149f526e4d054) Importer(815301076,1909f56bfc062723c751e8b465ee728b)
Start importing Assets/Blink/Art/Characters/Stylized/Humans/Armors_Humans/Materials_ArmorsHumans/StarterArmor_1.mat using Guid(bd95d05da092ee546bb149f526e4d054) Importer(815301076,1909f56bfc062723c751e8b465ee728b)  -> (artifact id: '9e7e0aba4497546332e34820ffe16fbb') in 0.162499 seconds 
========================================================================
Received Import Request.
  Time since last request: 0.000134 seconds.
  path: Assets/Blink/Art/Characters/Stylized/Humans/Armors_Humans/Materials_ArmorsHumans/StarterArmor_2.mat
  artifactKey: Guid(eb672304fc7494d498965b8f2b242de6) Importer(815301076,1909f56bfc062723c751e8b465ee728b)
Start importing Assets/Blink/Art/Characters/Stylized/Humans/Armors_Humans/Materials_ArmorsHumans/StarterArmor_2.mat using Guid(eb672304fc7494d498965b8f2b242de6) Importer(815301076,1909f56bfc062723c751e8b465ee728b)  -> (artifact id: '0a2c579829710081b4a138d4fd72216c') in 0.030179 seconds 
========================================================================
Received Import Request.
  Time since last request: 0.000122 seconds.
  path: Assets/Blink/Art/Characters/Stylized/Humans/Armors_Humans/Materials_ArmorsHumans/StarterArmor_3.mat
  artifactKey: Guid(0cead53e4ecd4a04798672bd2e5ad8e8) Importer(815301076,1909f56bfc062723c751e8b465ee728b)
Start importing Assets/Blink/Art/Characters/Stylized/Humans/Armors_Humans/Materials_ArmorsHumans/StarterArmor_3.mat using Guid(0cead53e4ecd4a04798672bd2e5ad8e8) Importer(815301076,1909f56bfc062723c751e8b465ee728b)  -> (artifact id: '0d8ed6d0ce42f830ee5e08674bc24de8') in 0.027627 seconds 
========================================================================
Received Import Request.
  Time since last request: 2.887349 seconds.
  path: Assets/Blink/Art/Characters/Stylized/Humans/Armors_Humans/Textures_ArmorsHumans
  artifactKey: Guid(ab8c01bb2113e244c9eeb2018444fef4) Importer(815301076,1909f56bfc062723c751e8b465ee728b)
Start importing Assets/Blink/Art/Characters/Stylized/Humans/Armors_Humans/Textures_ArmorsHumans using Guid(ab8c01bb2113e244c9eeb2018444fef4) Importer(815301076,1909f56bfc062723c751e8b465ee728b)  -> (artifact id: '14385797962b916b542090fd32468877') in 0.005958 seconds 
========================================================================
Received Import Request.
  Time since last request: 0.086433 seconds.
  path: Assets/Blink/Art/Characters/Stylized/Humans/Armors_Humans/Textures_ArmorsHumans/StarterArmor_AO.png
  artifactKey: Guid(9ad94f6f35f70b34fbbd2849cf447245) Importer(815301076,1909f56bfc062723c751e8b465ee728b)
Start importing Assets/Blink/Art/Characters/Stylized/Humans/Armors_Humans/Textures_ArmorsHumans/StarterArmor_AO.png using Guid(9ad94f6f35f70b34fbbd2849cf447245) Importer(815301076,1909f56bfc062723c751e8b465ee728b)  -> (artifact id: 'f4f953272a260d978ecca59df2afbaaf') in 0.087722 seconds 
========================================================================
Received Import Request.
  Time since last request: 0.000137 seconds.
  path: Assets/Blink/Art/Characters/Stylized/Humans/Armors_Humans/Textures_ArmorsHumans/StarterArmor_BaseColor1.png
  artifactKey: Guid(97583a90974b5fb4e802d9efd619f011) Importer(815301076,1909f56bfc062723c751e8b465ee728b)
Start importing Assets/Blink/Art/Characters/Stylized/Humans/Armors_Humans/Textures_ArmorsHumans/StarterArmor_BaseColor1.png using Guid(97583a90974b5fb4e802d9efd619f011) Importer(815301076,1909f56bfc062723c751e8b465ee728b)  -> (artifact id: 'ce2997d3b7505e3eb76e3398f2495b3b') in 0.014893 seconds 
========================================================================
Received Import Request.
  Time since last request: 0.000124 seconds.
  path: Assets/Blink/Art/Characters/Stylized/Humans/Armors_Humans/Textures_ArmorsHumans/StarterArmor_BaseColor2.png
  artifactKey: Guid(fdd40d2739fb9da4db383286dc88c380) Importer(815301076,1909f56bfc062723c751e8b465ee728b)
Start importing Assets/Blink/Art/Characters/Stylized/Humans/Armors_Humans/Textures_ArmorsHumans/StarterArmor_BaseColor2.png using Guid(fdd40d2739fb9da4db383286dc88c380) Importer(815301076,1909f56bfc062723c751e8b465ee728b)  -> (artifact id: 'ddd4aeddedf05a55bd75a87c149abc1c') in 0.014053 seconds 
========================================================================
Received Import Request.
  Time since last request: 0.000122 seconds.
  path: Assets/Blink/Art/Characters/Stylized/Humans/Armors_Humans/Textures_ArmorsHumans/StarterArmor_Normals.png
  artifactKey: Guid(e177d5bb74558254481e153a0dd6a6de) Importer(815301076,1909f56bfc062723c751e8b465ee728b)
Start importing Assets/Blink/Art/Characters/Stylized/Humans/Armors_Humans/Textures_ArmorsHumans/StarterArmor_Normals.png using Guid(e177d5bb74558254481e153a0dd6a6de) Importer(815301076,1909f56bfc062723c751e8b465ee728b)  -> (artifact id: '3c006822b1907e5ec3b7b9ac1e074a97') in 0.017182 seconds 
========================================================================
Received Import Request.
  Time since last request: 0.000119 seconds.
  path: Assets/Blink/Art/Characters/Stylized/Humans/Armors_Humans/Textures_ArmorsHumans/StarterArmor_BaseColor3.png
  artifactKey: Guid(9a7bb3ecfa19c5a43bf96ea260592d61) Importer(815301076,1909f56bfc062723c751e8b465ee728b)
Start importing Assets/Blink/Art/Characters/Stylized/Humans/Armors_Humans/Textures_ArmorsHumans/StarterArmor_BaseColor3.png using Guid(9a7bb3ecfa19c5a43bf96ea260592d61) Importer(815301076,1909f56bfc062723c751e8b465ee728b)  -> (artifact id: '4c4346cd3736141e531d26c22b78a557') in 0.014567 seconds 
========================================================================
Received Import Request.
  Time since last request: 0.000109 seconds.
  path: Assets/Blink/Art/Characters/Stylized/Humans/Armors_Humans/Textures_ArmorsHumans/StarterArmor_Roughness.png
  artifactKey: Guid(314f5ca462484d942a2f2afa0c3652dd) Importer(815301076,1909f56bfc062723c751e8b465ee728b)
Start importing Assets/Blink/Art/Characters/Stylized/Humans/Armors_Humans/Textures_ArmorsHumans/StarterArmor_Roughness.png using Guid(314f5ca462484d942a2f2afa0c3652dd) Importer(815301076,1909f56bfc062723c751e8b465ee728b)  -> (artifact id: '142e256b576e4898939c27892b4f4954') in 0.014890 seconds 
========================================================================
Received Import Request.
  Time since last request: 0.000125 seconds.
  path: Assets/Blink/Art/Characters/Stylized/Humans/Armors_Humans/Textures_ArmorsHumans/StarterArmor_Metallic.png
  artifactKey: Guid(db908c9fe4a953e48b2012ab87881eb4) Importer(815301076,1909f56bfc062723c751e8b465ee728b)
Start importing Assets/Blink/Art/Characters/Stylized/Humans/Armors_Humans/Textures_ArmorsHumans/StarterArmor_Metallic.png using Guid(db908c9fe4a953e48b2012ab87881eb4) Importer(815301076,1909f56bfc062723c751e8b465ee728b)  -> (artifact id: 'd3049ea771b7a11395367fd924c65813') in 0.012805 seconds 
========================================================================
Received Import Request.
  Time since last request: 2.150001 seconds.
  path: Assets/Blink/Art/Characters/Stylized/Humans/Armors_Humans/Meshes_ArmorsHumans
  artifactKey: Guid(41042fc50436c7e418dd46b4a5c7c600) Importer(815301076,1909f56bfc062723c751e8b465ee728b)
Start importing Assets/Blink/Art/Characters/Stylized/Humans/Armors_Humans/Meshes_ArmorsHumans using Guid(41042fc50436c7e418dd46b4a5c7c600) Importer(815301076,1909f56bfc062723c751e8b465ee728b)  -> (artifact id: '679bdc6f7b4dc4c9786f0392f0accb67') in 0.006088 seconds 
========================================================================
Received Import Request.
  Time since last request: 0.061593 seconds.
  path: Assets/Blink/Art/Characters/Stylized/Humans/Armors_Humans/Meshes_ArmorsHumans/StarterArmor_HumanMale.fbx
  artifactKey: Guid(55295a45c3d658c44b42c8e67983b8db) Importer(815301076,1909f56bfc062723c751e8b465ee728b)
Start importing Assets/Blink/Art/Characters/Stylized/Humans/Armors_Humans/Meshes_ArmorsHumans/StarterArmor_HumanMale.fbx using Guid(55295a45c3d658c44b42c8e67983b8db) Importer(815301076,1909f56bfc062723c751e8b465ee728b)  -> (artifact id: 'cce9329727b5b24297817e126850a8d9') in 0.115730 seconds 
========================================================================
Received Prepare
Registering precompiled user dll's ...
Registered in 0.002704 seconds.
Begin MonoManager ReloadAssembly
Native extension for WindowsStandalone target not found
Refreshing native plugins compatible for Editor in 0.32 ms, found 2 plugins.
Preloading 0 native plugins for Editor in 0.00 ms.
Mono: successfully reloaded assembly
- Completed reload, in  0.645 seconds
Domain Reload Profiling:
	ReloadAssembly (645ms)
		BeginReloadAssembly (90ms)
			ExecutionOrderSort (0ms)
			DisableScriptedObjects (3ms)
			BackupInstance (0ms)
			ReleaseScriptingObjects (0ms)
			CreateAndSetChildDomain (27ms)
		EndReloadAssembly (515ms)
			LoadAssemblies (70ms)
			RebuildTransferFunctionScriptingTraits (0ms)
			SetupTypeCache (187ms)
			ReleaseScriptCaches (1ms)
			RebuildScriptCaches (23ms)
			SetupLoadedEditorAssemblies (187ms)
				LogAssemblyErrors (0ms)
				InitializePlatformSupportModulesInManaged (3ms)
				SetLoadedEditorAssemblies (0ms)
				RefreshPlugins (0ms)
				BeforeProcessingInitializeOnLoad (48ms)
				ProcessInitializeOnLoadAttributes (127ms)
				ProcessInitializeOnLoadMethodAttributes (6ms)
				AfterProcessingInitializeOnLoad (2ms)
				EditorAssembliesLoaded (0ms)
			ExecutionOrderSort2 (0ms)
			AwakeInstancesAfterBackupRestoration (1ms)
Platform modules already initialized, skipping
Refreshing native plugins compatible for Editor in 0.33 ms, found 2 plugins.
Preloading 0 native plugins for Editor in 0.00 ms.
Unloading 1327 Unused Serialized files (Serialized files now loaded: 0)
System memory in use before: 92.9 MB.
System memory in use after: 93.0 MB.

Unloading 12 unused Assets to reduce memory usage. Loaded Objects now: 1834.
Total: 2.164100 ms (FindLiveObjects: 0.111800 ms CreateObjectMapping: 0.030600 ms MarkObjects: 1.974400 ms  DeleteObjects: 0.046700 ms)

AssetImportParameters requested are different than current active one (requested -> active):
  custom:framework-win-MediaFoundation: 216162199b28c13a410421893ffa2e32 -> 
  custom:video-decoder-ogg-theora: a1e56fd34408186e4bbccfd4996cb3dc -> 
  custom:container-muxer-webm: aa71ff27fc2769a1b78a27578f13a17b -> 
  custom:container-demuxer-webm: 4f35f7cbe854078d1ac9338744f61a02 -> 
  custom:container-demuxer-ogg: 62fdf1f143b41e24485cea50d1cbac27 -> 
  custom:video-encoder-webm-vp8: eb34c28f22e8b96e1ab97ce403110664 -> 
  custom:video-decoder-webm-vp8: 9c59270c3fd7afecdb556c50c9e8de78 -> 
  custom:audio-decoder-ogg-vorbis: bf7c407c2cedff20999df2af8eb42d56 -> 
  custom:audio-encoder-webm-vorbis: bf7c407c2cedff20999df2af8eb42d56 -> 
========================================================================
Received Import Request.
  Time since last request: 280.842853 seconds.
  path: Assets/TerrainGenerator/Terrain.asset
  artifactKey: Guid(ef5cb87efec64cb41ab9236352ff20d4) Importer(815301076,1909f56bfc062723c751e8b465ee728b)
Start importing Assets/TerrainGenerator/Terrain.asset using Guid(ef5cb87efec64cb41ab9236352ff20d4) Importer(815301076,1909f56bfc062723c751e8b465ee728b) Assertion failed on expression: 'm_PreloadTextureAtlasData.size() == m_DetailPrototypes.size()'
 -> (artifact id: 'e73cd54a3a844ee07dc1171f760d5610') in 0.113228 seconds 
========================================================================
Received Import Request.
  Time since last request: 4.783044 seconds.
  path: Assets/TerrainGenerator/Scripts
  artifactKey: Guid(d31578dd9dab55d4994f67ba31b0f14f) Importer(815301076,1909f56bfc062723c751e8b465ee728b)
Start importing Assets/TerrainGenerator/Scripts using Guid(d31578dd9dab55d4994f67ba31b0f14f) Importer(815301076,1909f56bfc062723c751e8b465ee728b)  -> (artifact id: '9653687b24bdfcf01fdcf3e4be16fab6') in 0.002322 seconds 
========================================================================
Received Import Request.
  Time since last request: 5.702570 seconds.
  path: Assets/New Terrain 1.asset
  artifactKey: Guid(c8a29ba72bb038c4497736db31d7e1c0) Importer(815301076,1909f56bfc062723c751e8b465ee728b)
Start importing Assets/New Terrain 1.asset using Guid(c8a29ba72bb038c4497736db31d7e1c0) Importer(815301076,1909f56bfc062723c751e8b465ee728b)  -> (artifact id: 'd486cc7045b0ecdd967fe40a0a823e3f') in 0.009965 seconds 
========================================================================
Received Import Request.
  Time since last request: 0.000144 seconds.
  path: Assets/New Terrain.asset
  artifactKey: Guid(7ce7e37b510caae4eb1a24506ffb4a90) Importer(815301076,1909f56bfc062723c751e8b465ee728b)
Start importing Assets/New Terrain.asset using Guid(7ce7e37b510caae4eb1a24506ffb4a90) Importer(815301076,1909f56bfc062723c751e8b465ee728b)  -> (artifact id: 'c8a7d70d4d36151c443b9149eef6c6e4') in 0.011039 seconds 
========================================================================
Received Prepare
Registering precompiled user dll's ...
Registered in 0.002267 seconds.
Begin MonoManager ReloadAssembly
Native extension for WindowsStandalone target not found
Refreshing native plugins compatible for Editor in 0.42 ms, found 2 plugins.
Preloading 0 native plugins for Editor in 0.00 ms.
Mono: successfully reloaded assembly
- Completed reload, in  0.596 seconds
Domain Reload Profiling:
	ReloadAssembly (596ms)
		BeginReloadAssembly (88ms)
			ExecutionOrderSort (0ms)
			DisableScriptedObjects (3ms)
			BackupInstance (0ms)
			ReleaseScriptingObjects (0ms)
			CreateAndSetChildDomain (24ms)
		EndReloadAssembly (471ms)
			LoadAssemblies (72ms)
			RebuildTransferFunctionScriptingTraits (0ms)
			SetupTypeCache (155ms)
			ReleaseScriptCaches (1ms)
			RebuildScriptCaches (24ms)
			SetupLoadedEditorAssemblies (182ms)
				LogAssemblyErrors (0ms)
				InitializePlatformSupportModulesInManaged (3ms)
				SetLoadedEditorAssemblies (0ms)
				RefreshPlugins (0ms)
				BeforeProcessingInitializeOnLoad (50ms)
				ProcessInitializeOnLoadAttributes (119ms)
				ProcessInitializeOnLoadMethodAttributes (7ms)
				AfterProcessingInitializeOnLoad (2ms)
				EditorAssembliesLoaded (0ms)
			ExecutionOrderSort2 (0ms)
			AwakeInstancesAfterBackupRestoration (1ms)
Platform modules already initialized, skipping
Refreshing native plugins compatible for Editor in 0.29 ms, found 2 plugins.
Preloading 0 native plugins for Editor in 0.00 ms.
Unloading 1314 Unused Serialized files (Serialized files now loaded: 0)
System memory in use before: 92.8 MB.
System memory in use after: 92.9 MB.

Unloading 20 unused Assets to reduce memory usage. Loaded Objects now: 1829.
Total: 2.173000 ms (FindLiveObjects: 0.117700 ms CreateObjectMapping: 0.033500 ms MarkObjects: 1.974100 ms  DeleteObjects: 0.047100 ms)

AssetImportParameters requested are different than current active one (requested -> active):
  custom:framework-win-MediaFoundation: 216162199b28c13a410421893ffa2e32 -> 
  custom:video-decoder-ogg-theora: a1e56fd34408186e4bbccfd4996cb3dc -> 
  custom:container-muxer-webm: aa71ff27fc2769a1b78a27578f13a17b -> 
  custom:container-demuxer-webm: 4f35f7cbe854078d1ac9338744f61a02 -> 
  custom:container-demuxer-ogg: 62fdf1f143b41e24485cea50d1cbac27 -> 
  custom:video-encoder-webm-vp8: eb34c28f22e8b96e1ab97ce403110664 -> 
  custom:video-decoder-webm-vp8: 9c59270c3fd7afecdb556c50c9e8de78 -> 
  custom:audio-decoder-ogg-vorbis: bf7c407c2cedff20999df2af8eb42d56 -> 
  custom:audio-encoder-webm-vorbis: bf7c407c2cedff20999df2af8eb42d56 -> 
========================================================================
Received Import Request.
  Time since last request: 239.560462 seconds.
  path: Assets/SimpleNaturePack/Materials/SimpleNaturePack_BG.mat
  artifactKey: Guid(886ecf0ee44718246aa083d8aad49b79) Importer(815301076,1909f56bfc062723c751e8b465ee728b)
Start importing Assets/SimpleNaturePack/Materials/SimpleNaturePack_BG.mat using Guid(886ecf0ee44718246aa083d8aad49b79) Importer(815301076,1909f56bfc062723c751e8b465ee728b)  -> (artifact id: '170120cd8c941b4b99942a56fa4680e0') in 0.101252 seconds 
========================================================================
Received Import Request.
  Time since last request: 0.000118 seconds.
  path: Assets/SimpleNaturePack/Materials/SimpleNaturePack_Texture_01.mat
  artifactKey: Guid(93caadf4359ae8143aad35b3145d31af) Importer(815301076,1909f56bfc062723c751e8b465ee728b)
Start importing Assets/SimpleNaturePack/Materials/SimpleNaturePack_Texture_01.mat using Guid(93caadf4359ae8143aad35b3145d31af) Importer(815301076,1909f56bfc062723c751e8b465ee728b)  -> (artifact id: 'b59147e4fa5a04870ed3aa8c1cdf60dc') in 0.020609 seconds 
========================================================================
Received Import Request.
  Time since last request: 10.370845 seconds.
  path: Assets/SimpleNaturePack/Models/Branch_01.fbx
  artifactKey: Guid(5528351815fd4c04abf537f22c7e18f1) Importer(815301076,1909f56bfc062723c751e8b465ee728b)
Start importing Assets/SimpleNaturePack/Models/Branch_01.fbx using Guid(5528351815fd4c04abf537f22c7e18f1) Importer(815301076,1909f56bfc062723c751e8b465ee728b)  -> (artifact id: 'f38c5995213002ed030021b8527517eb') in 0.033403 seconds 
========================================================================
Received Import Request.
  Time since last request: 0.000112 seconds.
  path: Assets/SimpleNaturePack/Models/Rock_02.fbx
  artifactKey: Guid(3a775dc2c1a334b45a5667a56fe92c23) Importer(815301076,1909f56bfc062723c751e8b465ee728b)
Start importing Assets/SimpleNaturePack/Models/Rock_02.fbx using Guid(3a775dc2c1a334b45a5667a56fe92c23) Importer(815301076,1909f56bfc062723c751e8b465ee728b)  -> (artifact id: '614c185bcdebbdd36bc727ea68d3aecb') in 0.028656 seconds 
========================================================================
Received Import Request.
  Time since last request: 0.000102 seconds.
  path: Assets/SimpleNaturePack/Models/Rock_03.fbx
  artifactKey: Guid(14125b656fb71fd4d9d65bfe344107ad) Importer(815301076,1909f56bfc062723c751e8b465ee728b)
Start importing Assets/SimpleNaturePack/Models/Rock_03.fbx using Guid(14125b656fb71fd4d9d65bfe344107ad) Importer(815301076,1909f56bfc062723c751e8b465ee728b)  -> (artifact id: 'e25d7bee8b6044fb2f56d93315d99aa5') in 0.029055 seconds 
========================================================================
Received Import Request.
  Time since last request: 0.000117 seconds.
  path: Assets/SimpleNaturePack/Models/Mushroom_01.fbx
  artifactKey: Guid(d062f5c56ffb55c4f832432ada269abe) Importer(815301076,1909f56bfc062723c751e8b465ee728b)
Start importing Assets/SimpleNaturePack/Models/Mushroom_01.fbx using Guid(d062f5c56ffb55c4f832432ada269abe) Importer(815301076,1909f56bfc062723c751e8b465ee728b)  -> (artifact id: 'a498a91f52e401651ce3d5d138455478') in 0.034662 seconds 
========================================================================
Received Import Request.
  Time since last request: 0.000111 seconds.
  path: Assets/SimpleNaturePack/Models/Tree_04.fbx
  artifactKey: Guid(83e8d2542718a2e49a73d71c3a5fc685) Importer(815301076,1909f56bfc062723c751e8b465ee728b)
Start importing Assets/SimpleNaturePack/Models/Tree_04.fbx using Guid(83e8d2542718a2e49a73d71c3a5fc685) Importer(815301076,1909f56bfc062723c751e8b465ee728b)  -> (artifact id: '4b5c276a343e5c629cf4b0a371c295d1') in 0.036988 seconds 
========================================================================
Received Import Request.
  Time since last request: 0.000105 seconds.
  path: Assets/SimpleNaturePack/Models/Tree_02.fbx
  artifactKey: Guid(4471b1f7f824e4d44887e1364c6fc61a) Importer(815301076,1909f56bfc062723c751e8b465ee728b)
Start importing Assets/SimpleNaturePack/Models/Tree_02.fbx using Guid(4471b1f7f824e4d44887e1364c6fc61a) Importer(815301076,1909f56bfc062723c751e8b465ee728b)  -> (artifact id: '4dc4e4739f613e9b5956530e184d9188') in 0.045900 seconds 
========================================================================
Received Import Request.
  Time since last request: 0.000111 seconds.
  path: Assets/SimpleNaturePack/Models/Rock_05.fbx
  artifactKey: Guid(fa2e670bb3648a84b9df8d16da25b85e) Importer(815301076,1909f56bfc062723c751e8b465ee728b)
Start importing Assets/SimpleNaturePack/Models/Rock_05.fbx using Guid(fa2e670bb3648a84b9df8d16da25b85e) Importer(815301076,1909f56bfc062723c751e8b465ee728b)  -> (artifact id: '2fd195ce0659efbbac040b35eb429160') in 0.031346 seconds 
========================================================================
Received Import Request.
  Time since last request: 0.000102 seconds.
  path: Assets/SimpleNaturePack/Models/Ground_02.fbx
  artifactKey: Guid(57d3eed6d2253d24994d5ad37e00aedc) Importer(815301076,1909f56bfc062723c751e8b465ee728b)
Start importing Assets/SimpleNaturePack/Models/Ground_02.fbx using Guid(57d3eed6d2253d24994d5ad37e00aedc) Importer(815301076,1909f56bfc062723c751e8b465ee728b)  -> (artifact id: '4f2fe1c084c642cd83d84441fa5404ba') in 0.040287 seconds 
========================================================================
Received Import Request.
  Time since last request: 0.000102 seconds.
  path: Assets/SimpleNaturePack/Models/Rock_04.fbx
  artifactKey: Guid(33ebf3440b12ec245bd008cd464f8d9a) Importer(815301076,1909f56bfc062723c751e8b465ee728b)
Start importing Assets/SimpleNaturePack/Models/Rock_04.fbx using Guid(33ebf3440b12ec245bd008cd464f8d9a) Importer(815301076,1909f56bfc062723c751e8b465ee728b)  -> (artifact id: 'dd62b94a18a5738cce3779bdbf46752e') in 0.017037 seconds 
========================================================================
Received Import Request.
  Time since last request: 0.000104 seconds.
  path: Assets/SimpleNaturePack/Models/Bush_03.fbx
  artifactKey: Guid(7b5a098d913a3c74692a2a9963dbd3ba) Importer(815301076,1909f56bfc062723c751e8b465ee728b)
Start importing Assets/SimpleNaturePack/Models/Bush_03.fbx using Guid(7b5a098d913a3c74692a2a9963dbd3ba) Importer(815301076,1909f56bfc062723c751e8b465ee728b)  -> (artifact id: 'bddf033d94c826cb4ea703faf475a321') in 0.031806 seconds 
========================================================================
Received Import Request.
  Time since last request: 0.000138 seconds.
  path: Assets/SimpleNaturePack/Models/Tree_01.fbx
  artifactKey: Guid(6c7eaede4efc960409fb9ef2dfb77f29) Importer(815301076,1909f56bfc062723c751e8b465ee728b)
Start importing Assets/SimpleNaturePack/Models/Tree_01.fbx using Guid(6c7eaede4efc960409fb9ef2dfb77f29) Importer(815301076,1909f56bfc062723c751e8b465ee728b)  -> (artifact id: 'ff0496df78be7d93627be40f50e361e2') in 0.017572 seconds 
========================================================================
Received Import Request.
  Time since last request: 0.000111 seconds.
  path: Assets/SimpleNaturePack/Models/Tree_05.fbx
  artifactKey: Guid(603970f97e50c56488ec3c5a6febd940) Importer(815301076,1909f56bfc062723c751e8b465ee728b)
Start importing Assets/SimpleNaturePack/Models/Tree_05.fbx using Guid(603970f97e50c56488ec3c5a6febd940) Importer(815301076,1909f56bfc062723c751e8b465ee728b)  -> (artifact id: 'ddf50ca42990f627d32bf6d88f19b6d3') in 0.017030 seconds 
========================================================================
Received Import Request.
  Time since last request: 0.000175 seconds.
  path: Assets/SimpleNaturePack/Models/Ground_03.fbx
  artifactKey: Guid(661464e19c087564badb2bf5230c842c) Importer(815301076,1909f56bfc062723c751e8b465ee728b)
Start importing Assets/SimpleNaturePack/Models/Ground_03.fbx using Guid(661464e19c087564badb2bf5230c842c) Importer(815301076,1909f56bfc062723c751e8b465ee728b)  -> (artifact id: 'a809c27564cd8338765d24473ee559df') in 0.014150 seconds 
========================================================================
Received Import Request.
  Time since last request: 0.000121 seconds.
  path: Assets/SimpleNaturePack/Models/Tree_03.fbx
  artifactKey: Guid(69f0af3a0a6c73b4ab4b89eb82cdc488) Importer(815301076,1909f56bfc062723c751e8b465ee728b)
Start importing Assets/SimpleNaturePack/Models/Tree_03.fbx using Guid(69f0af3a0a6c73b4ab4b89eb82cdc488) Importer(815301076,1909f56bfc062723c751e8b465ee728b)  -> (artifact id: '7c0db588fffa5b354f55841b9027a59f') in 0.018118 seconds 
========================================================================
Received Import Request.
  Time since last request: 0.000101 seconds.
  path: Assets/SimpleNaturePack/Models/Bush_01.fbx
  artifactKey: Guid(d8ea93d2d4757e444a5349f4bc849128) Importer(815301076,1909f56bfc062723c751e8b465ee728b)
Start importing Assets/SimpleNaturePack/Models/Bush_01.fbx using Guid(d8ea93d2d4757e444a5349f4bc849128) Importer(815301076,1909f56bfc062723c751e8b465ee728b)  -> (artifact id: '284c2f0470a7d6926df194ff8845587e') in 0.019637 seconds 
========================================================================
Received Import Request.
  Time since last request: 0.000104 seconds.
  path: Assets/SimpleNaturePack/Models/Stump_01.fbx
  artifactKey: Guid(768be665aba8b4e4aae7a973ae9616cf) Importer(815301076,1909f56bfc062723c751e8b465ee728b)
Start importing Assets/SimpleNaturePack/Models/Stump_01.fbx using Guid(768be665aba8b4e4aae7a973ae9616cf) Importer(815301076,1909f56bfc062723c751e8b465ee728b)  -> (artifact id: '16819c2970565e3dff7a4a720c5bd49f') in 0.018496 seconds 
========================================================================
Received Import Request.
  Time since last request: 0.000134 seconds.
  path: Assets/SimpleNaturePack/Models/Mushroom_02.fbx
  artifactKey: Guid(6c890c97a154a474082af84a379dffce) Importer(815301076,1909f56bfc062723c751e8b465ee728b)
Start importing Assets/SimpleNaturePack/Models/Mushroom_02.fbx using Guid(6c890c97a154a474082af84a379dffce) Importer(815301076,1909f56bfc062723c751e8b465ee728b)  -> (artifact id: '22d9f8cd385ab92bd17f5dea4c0cc8a7') in 0.019476 seconds 
========================================================================
Received Import Request.
  Time since last request: 0.000111 seconds.
  path: Assets/SimpleNaturePack/Models/Grass_02.fbx
  artifactKey: Guid(638dc165572d2a84081d13ce1afb4d52) Importer(815301076,1909f56bfc062723c751e8b465ee728b)
Start importing Assets/SimpleNaturePack/Models/Grass_02.fbx using Guid(638dc165572d2a84081d13ce1afb4d52) Importer(815301076,1909f56bfc062723c751e8b465ee728b)  -> (artifact id: '2f46ed20e32228e60651d95d027c2842') in 0.019717 seconds 
========================================================================
Received Import Request.
  Time since last request: 0.000103 seconds.
  path: Assets/SimpleNaturePack/Models/Flowers_02.fbx
  artifactKey: Guid(8ea980fdc4aa5e749b000c1a0d4b9bbc) Importer(815301076,1909f56bfc062723c751e8b465ee728b)
Start importing Assets/SimpleNaturePack/Models/Flowers_02.fbx using Guid(8ea980fdc4aa5e749b000c1a0d4b9bbc) Importer(815301076,1909f56bfc062723c751e8b465ee728b)  -> (artifact id: 'ef04edf04d2cad96aca529a267be2421') in 0.017873 seconds 
========================================================================
Received Import Request.
  Time since last request: 0.000113 seconds.
  path: Assets/SimpleNaturePack/Models/Ground_01.fbx
  artifactKey: Guid(d4ad967689295ba4eaf8baeaebc8721b) Importer(815301076,1909f56bfc062723c751e8b465ee728b)
Start importing Assets/SimpleNaturePack/Models/Ground_01.fbx using Guid(d4ad967689295ba4eaf8baeaebc8721b) Importer(815301076,1909f56bfc062723c751e8b465ee728b)  -> (artifact id: '27b6efefd38b71eade6125cb9d8f1d17') in 0.011043 seconds 
========================================================================
Received Import Request.
  Time since last request: 0.000101 seconds.
  path: Assets/SimpleNaturePack/Models/Rock_01.fbx
  artifactKey: Guid(e9089b1db16b58f4282a94e020b9c0e8) Importer(815301076,1909f56bfc062723c751e8b465ee728b)
Start importing Assets/SimpleNaturePack/Models/Rock_01.fbx using Guid(e9089b1db16b58f4282a94e020b9c0e8) Importer(815301076,1909f56bfc062723c751e8b465ee728b)  -> (artifact id: 'b9dec2fd0c45d8f11050f0f26521cd40') in 0.016047 seconds 
========================================================================
Received Import Request.
  Time since last request: 0.000102 seconds.
  path: Assets/SimpleNaturePack/Models/Bush_02.fbx
  artifactKey: Guid(ba52853a69186a841a52a9cc2e9b77fa) Importer(815301076,1909f56bfc062723c751e8b465ee728b)
Start importing Assets/SimpleNaturePack/Models/Bush_02.fbx using Guid(ba52853a69186a841a52a9cc2e9b77fa) Importer(815301076,1909f56bfc062723c751e8b465ee728b)  -> (artifact id: 'a1a566bc6dbe31f76151494bec983b99') in 0.017890 seconds 
========================================================================
Received Import Request.
  Time since last request: 0.000106 seconds.
  path: Assets/SimpleNaturePack/Models/Flowers_01.fbx
  artifactKey: Guid(b5a80b3e2a089b841b155d7c7f461e7c) Importer(815301076,1909f56bfc062723c751e8b465ee728b)
Start importing Assets/SimpleNaturePack/Models/Flowers_01.fbx using Guid(b5a80b3e2a089b841b155d7c7f461e7c) Importer(815301076,1909f56bfc062723c751e8b465ee728b)  -> (artifact id: '170175336b13d564c347cc16807a562c') in 0.019721 seconds 
========================================================================
Received Import Request.
  Time since last request: 0.000105 seconds.
  path: Assets/SimpleNaturePack/Models/Grass_01.fbx
  artifactKey: Guid(ad3119cbd6dce024e8460ef32dec49df) Importer(815301076,1909f56bfc062723c751e8b465ee728b)
Start importing Assets/SimpleNaturePack/Models/Grass_01.fbx using Guid(ad3119cbd6dce024e8460ef32dec49df) Importer(815301076,1909f56bfc062723c751e8b465ee728b)  -> (artifact id: 'dc9628817cd3396be525810b2aeb0d8a') in 0.018562 seconds 
========================================================================
Received Import Request.
  Time since last request: 5.894666 seconds.
  path: Assets/SimpleNaturePack/Textures/NaturePackLite_Texture_01.png
  artifactKey: Guid(28a51d508c86a8948b59df81d5188b17) Importer(815301076,1909f56bfc062723c751e8b465ee728b)
Start importing Assets/SimpleNaturePack/Textures/NaturePackLite_Texture_01.png using Guid(28a51d508c86a8948b59df81d5188b17) Importer(815301076,1909f56bfc062723c751e8b465ee728b)  -> (artifact id: '3e2ff75cd6cd60131fc68d70558b2154') in 0.020815 seconds 
========================================================================
Received Import Request.
  Time since last request: 13.685813 seconds.
  path: Assets/SimpleNaturePack/Scenes/SimpleNaturePack_Demo.unity
  artifactKey: Guid(5e7af4bd95ac53a4cb784a9eedf8f6f9) Importer(815301076,1909f56bfc062723c751e8b465ee728b)
Start importing Assets/SimpleNaturePack/Scenes/SimpleNaturePack_Demo.unity using Guid(5e7af4bd95ac53a4cb784a9eedf8f6f9) Importer(815301076,1909f56bfc062723c751e8b465ee728b)  -> (artifact id: '717bc7b3324d3d4166b039d13332eefb') in 0.006568 seconds 
========================================================================
Received Import Request.
  Time since last request: 11.762526 seconds.
  path: Assets/SimpleNaturePack/Scenes/SimpleNaturePack_Overview.unity
  artifactKey: Guid(b818941d93326b949a3840a1d79ea88f) Importer(815301076,1909f56bfc062723c751e8b465ee728b)
Start importing Assets/SimpleNaturePack/Scenes/SimpleNaturePack_Overview.unity using Guid(b818941d93326b949a3840a1d79ea88f) Importer(815301076,1909f56bfc062723c751e8b465ee728b)  -> (artifact id: '996d3f8ad39b9240e07a96ab2fd54ae9') in 0.006679 seconds 
========================================================================
Received Import Request.
  Time since last request: 15.595294 seconds.
  path: Assets/Scenes/SampleScene.unity
  artifactKey: Guid(9fc0d4010bbf28b4594072e72b8655ab) Importer(815301076,1909f56bfc062723c751e8b465ee728b)
Start importing Assets/Scenes/SampleScene.unity using Guid(9fc0d4010bbf28b4594072e72b8655ab) Importer(815301076,1909f56bfc062723c751e8b465ee728b)  -> (artifact id: 'aaf91e77cfaf40a5bde751270467e68d') in 0.006145 seconds 
========================================================================
Received Import Request.
  Time since last request: 152.455789 seconds.
  path: Assets/TerrainSampleAssets/Textures/Terrain/Snow_BaseColor.tif
  artifactKey: Guid(ffa01093856b873448237de84289ee85) Importer(815301076,1909f56bfc062723c751e8b465ee728b)
Start importing Assets/TerrainSampleAssets/Textures/Terrain/Snow_BaseColor.tif using Guid(ffa01093856b873448237de84289ee85) Importer(815301076,1909f56bfc062723c751e8b465ee728b)  -> (artifact id: '61d934273f89e86871799db1f6ff3304') in 0.021829 seconds 
========================================================================
Received Import Request.
  Time since last request: 606.210937 seconds.
  path: ProjectSettings/TagManager.asset
  artifactKey: Guid(00000000000000003000000000000000) Importer(815301076,1909f56bfc062723c751e8b465ee728b)
Start importing ProjectSettings/TagManager.asset using Guid(00000000000000003000000000000000) Importer(815301076,1909f56bfc062723c751e8b465ee728b)  -> (artifact id: 'ce6a35c3cddc746e7501c0bd0ed6d4ce') in 0.006613 seconds 
========================================================================
Received Prepare
Registering precompiled user dll's ...
Registered in 0.002408 seconds.
Begin MonoManager ReloadAssembly
Native extension for WindowsStandalone target not found
Refreshing native plugins compatible for Editor in 0.32 ms, found 2 plugins.
Preloading 0 native plugins for Editor in 0.00 ms.
Mono: successfully reloaded assembly
- Completed reload, in  0.590 seconds
Domain Reload Profiling:
	ReloadAssembly (591ms)
		BeginReloadAssembly (85ms)
			ExecutionOrderSort (0ms)
			DisableScriptedObjects (3ms)
			BackupInstance (0ms)
			ReleaseScriptingObjects (0ms)
			CreateAndSetChildDomain (25ms)
		EndReloadAssembly (469ms)
			LoadAssemblies (65ms)
			RebuildTransferFunctionScriptingTraits (0ms)
			SetupTypeCache (156ms)
			ReleaseScriptCaches (1ms)
			RebuildScriptCaches (24ms)
			SetupLoadedEditorAssemblies (183ms)
				LogAssemblyErrors (0ms)
				InitializePlatformSupportModulesInManaged (3ms)
				SetLoadedEditorAssemblies (0ms)
				RefreshPlugins (0ms)
				BeforeProcessingInitializeOnLoad (49ms)
				ProcessInitializeOnLoadAttributes (123ms)
				ProcessInitializeOnLoadMethodAttributes (6ms)
				AfterProcessingInitializeOnLoad (2ms)
				EditorAssembliesLoaded (0ms)
			ExecutionOrderSort2 (0ms)
			AwakeInstancesAfterBackupRestoration (1ms)
Platform modules already initialized, skipping
Refreshing native plugins compatible for Editor in 0.35 ms, found 2 plugins.
Preloading 0 native plugins for Editor in 0.00 ms.
Unloading 1314 Unused Serialized files (Serialized files now loaded: 0)
System memory in use before: 93.0 MB.
System memory in use after: 93.1 MB.

Unloading 14 unused Assets to reduce memory usage. Loaded Objects now: 1833.
Total: 2.270700 ms (FindLiveObjects: 0.102300 ms CreateObjectMapping: 0.033100 ms MarkObjects: 2.079600 ms  DeleteObjects: 0.055100 ms)

AssetImportParameters requested are different than current active one (requested -> active):
  custom:framework-win-MediaFoundation: 216162199b28c13a410421893ffa2e32 -> 
  custom:video-decoder-ogg-theora: a1e56fd34408186e4bbccfd4996cb3dc -> 
  custom:container-muxer-webm: aa71ff27fc2769a1b78a27578f13a17b -> 
  custom:container-demuxer-webm: 4f35f7cbe854078d1ac9338744f61a02 -> 
  custom:container-demuxer-ogg: 62fdf1f143b41e24485cea50d1cbac27 -> 
  custom:video-encoder-webm-vp8: eb34c28f22e8b96e1ab97ce403110664 -> 
  custom:video-decoder-webm-vp8: 9c59270c3fd7afecdb556c50c9e8de78 -> 
  custom:audio-decoder-ogg-vorbis: bf7c407c2cedff20999df2af8eb42d56 -> 
  custom:audio-encoder-webm-vorbis: bf7c407c2cedff20999df2af8eb42d56 -> 
========================================================================
Received Import Request.
  Time since last request: 35.751949 seconds.
  path: Assets/SimpleNaturePack/Prefabs/Branch_01.prefab
  artifactKey: Guid(b9de24523a11d714db3851b5f0f9d527) Importer(815301076,1909f56bfc062723c751e8b465ee728b)
Start importing Assets/SimpleNaturePack/Prefabs/Branch_01.prefab using Guid(b9de24523a11d714db3851b5f0f9d527) Importer(815301076,1909f56bfc062723c751e8b465ee728b)  -> (artifact id: '86f294fc4e803bb71218804c38749d92') in 0.048568 seconds 
========================================================================
Received Prepare
Registering precompiled user dll's ...
Registered in 0.002595 seconds.
Begin MonoManager ReloadAssembly
Native extension for WindowsStandalone target not found
Refreshing native plugins compatible for Editor in 0.31 ms, found 2 plugins.
Preloading 0 native plugins for Editor in 0.00 ms.
Mono: successfully reloaded assembly
- Completed reload, in  0.609 seconds
Domain Reload Profiling:
	ReloadAssembly (609ms)
		BeginReloadAssembly (86ms)
			ExecutionOrderSort (0ms)
			DisableScriptedObjects (3ms)
			BackupInstance (0ms)
			ReleaseScriptingObjects (0ms)
			CreateAndSetChildDomain (27ms)
		EndReloadAssembly (485ms)
			LoadAssemblies (65ms)
			RebuildTransferFunctionScriptingTraits (0ms)
			SetupTypeCache (171ms)
			ReleaseScriptCaches (1ms)
			RebuildScriptCaches (23ms)
			SetupLoadedEditorAssemblies (180ms)
				LogAssemblyErrors (0ms)
				InitializePlatformSupportModulesInManaged (3ms)
				SetLoadedEditorAssemblies (0ms)
				RefreshPlugins (0ms)
				BeforeProcessingInitializeOnLoad (50ms)
				ProcessInitializeOnLoadAttributes (119ms)
				ProcessInitializeOnLoadMethodAttributes (6ms)
				AfterProcessingInitializeOnLoad (2ms)
				EditorAssembliesLoaded (0ms)
			ExecutionOrderSort2 (0ms)
			AwakeInstancesAfterBackupRestoration (1ms)
Platform modules already initialized, skipping
Refreshing native plugins compatible for Editor in 0.29 ms, found 2 plugins.
Preloading 0 native plugins for Editor in 0.00 ms.
Unloading 1315 Unused Serialized files (Serialized files now loaded: 0)
System memory in use before: 93.1 MB.
System memory in use after: 93.1 MB.

Unloading 12 unused Assets to reduce memory usage. Loaded Objects now: 1838.
Total: 2.437100 ms (FindLiveObjects: 0.140500 ms CreateObjectMapping: 0.041100 ms MarkObjects: 2.207300 ms  DeleteObjects: 0.047600 ms)

AssetImportParameters requested are different than current active one (requested -> active):
  custom:framework-win-MediaFoundation: 216162199b28c13a410421893ffa2e32 -> 
  custom:video-decoder-ogg-theora: a1e56fd34408186e4bbccfd4996cb3dc -> 
  custom:container-muxer-webm: aa71ff27fc2769a1b78a27578f13a17b -> 
  custom:container-demuxer-webm: 4f35f7cbe854078d1ac9338744f61a02 -> 
  custom:container-demuxer-ogg: 62fdf1f143b41e24485cea50d1cbac27 -> 
  custom:video-encoder-webm-vp8: eb34c28f22e8b96e1ab97ce403110664 -> 
  custom:video-decoder-webm-vp8: 9c59270c3fd7afecdb556c50c9e8de78 -> 
  custom:audio-decoder-ogg-vorbis: bf7c407c2cedff20999df2af8eb42d56 -> 
  custom:audio-encoder-webm-vorbis: bf7c407c2cedff20999df2af8eb42d56 -> 
========================================================================
Received Import Request.
  Time since last request: 321.003732 seconds.
  path: Assets/Free HDR Skyboxes Pack/Material
  artifactKey: Guid(3a39f7f6936115947b8726fd8d30eb7b) Importer(815301076,1909f56bfc062723c751e8b465ee728b)
Start importing Assets/Free HDR Skyboxes Pack/Material using Guid(3a39f7f6936115947b8726fd8d30eb7b) Importer(815301076,1909f56bfc062723c751e8b465ee728b)  -> (artifact id: '4cf1c90d07699f5263690d82329a5f70') in 0.009782 seconds 
========================================================================
Received Import Request.
  Time since last request: 0.065990 seconds.
  path: Assets/Free HDR Skyboxes Pack/Material/sky-1.mat
  artifactKey: Guid(cf09bdd74268f184498d51e302193dbf) Importer(815301076,1909f56bfc062723c751e8b465ee728b)
Start importing Assets/Free HDR Skyboxes Pack/Material/sky-1.mat using Guid(cf09bdd74268f184498d51e302193dbf) Importer(815301076,1909f56bfc062723c751e8b465ee728b)  -> (artifact id: 'c5e9dc4615360c689a2765bc5529f1df') in 0.092588 seconds 
========================================================================
Received Import Request.
  Time since last request: 0.000125 seconds.
  path: Assets/Free HDR Skyboxes Pack/Material/sky-2.mat
  artifactKey: Guid(e042e3a075d43734cb2151822f3efb89) Importer(815301076,1909f56bfc062723c751e8b465ee728b)
Start importing Assets/Free HDR Skyboxes Pack/Material/sky-2.mat using Guid(e042e3a075d43734cb2151822f3efb89) Importer(815301076,1909f56bfc062723c751e8b465ee728b)  -> (artifact id: 'ad0cb598bff4bcf498b7b08c62a374bc') in 0.036518 seconds 
========================================================================
Received Import Request.
  Time since last request: 0.000128 seconds.
  path: Assets/Free HDR Skyboxes Pack/Material/sky-5.mat
  artifactKey: Guid(19b325d8192ae6a449129122516d0427) Importer(815301076,1909f56bfc062723c751e8b465ee728b)
Start importing Assets/Free HDR Skyboxes Pack/Material/sky-5.mat using Guid(19b325d8192ae6a449129122516d0427) Importer(815301076,1909f56bfc062723c751e8b465ee728b)  -> (artifact id: 'd69b4ce7ace6ed3f241a268b6206f6eb') in 0.029483 seconds 
========================================================================
Received Import Request.
  Time since last request: 0.000122 seconds.
  path: Assets/Free HDR Skyboxes Pack/Material/sky-3.mat
  artifactKey: Guid(70bdcd1ae1196ff44aea60f77e9239f6) Importer(815301076,1909f56bfc062723c751e8b465ee728b)
Start importing Assets/Free HDR Skyboxes Pack/Material/sky-3.mat using Guid(70bdcd1ae1196ff44aea60f77e9239f6) Importer(815301076,1909f56bfc062723c751e8b465ee728b)  -> (artifact id: '03007760f23d4fc98c223c8546a1ee54') in 0.029383 seconds 
========================================================================
Received Import Request.
  Time since last request: 0.000118 seconds.
  path: Assets/Free HDR Skyboxes Pack/Material/sky-4.mat
  artifactKey: Guid(cba8250b9d9377f4ca5ccc7bda47897e) Importer(815301076,1909f56bfc062723c751e8b465ee728b)
Start importing Assets/Free HDR Skyboxes Pack/Material/sky-4.mat using Guid(cba8250b9d9377f4ca5ccc7bda47897e) Importer(815301076,1909f56bfc062723c751e8b465ee728b)  -> (artifact id: '2e0d7480204449c431dd58dfc8aca715') in 0.029688 seconds 
========================================================================
Received Import Request.
  Time since last request: 1.430540 seconds.
  path: Assets/Free HDR Skyboxes Pack/Texture/Sky-5.hdr
  artifactKey: Guid(f577a4207e05cdc4c952fc15f4ed1f55) Importer(815301076,1909f56bfc062723c751e8b465ee728b)
Start importing Assets/Free HDR Skyboxes Pack/Texture/Sky-5.hdr using Guid(f577a4207e05cdc4c952fc15f4ed1f55) Importer(815301076,1909f56bfc062723c751e8b465ee728b)  -> (artifact id: '48698bc4a5a624c1b6247c751db1085e') in 1.250211 seconds 
========================================================================
Received Import Request.
  Time since last request: 0.000155 seconds.
  path: Assets/Free HDR Skyboxes Pack/Texture/Sky-2.hdr
  artifactKey: Guid(c01fc2bc2ee35bb40bc54ed635cd5d4b) Importer(815301076,1909f56bfc062723c751e8b465ee728b)
Start importing Assets/Free HDR Skyboxes Pack/Texture/Sky-2.hdr using Guid(c01fc2bc2ee35bb40bc54ed635cd5d4b) Importer(815301076,1909f56bfc062723c751e8b465ee728b)  -> (artifact id: 'b1327719f05da0aba9f3bd6fee3a6f05') in 1.183828 seconds 
========================================================================
Received Import Request.
  Time since last request: 0.000128 seconds.
  path: Assets/Free HDR Skyboxes Pack/Texture/Sky-1.hdr
  artifactKey: Guid(fa7a0134bd016ee47a7ccd135509d97b) Importer(815301076,1909f56bfc062723c751e8b465ee728b)
Start importing Assets/Free HDR Skyboxes Pack/Texture/Sky-1.hdr using Guid(fa7a0134bd016ee47a7ccd135509d97b) Importer(815301076,1909f56bfc062723c751e8b465ee728b)  -> (artifact id: '6838661a5a9e8c3c3f85dc96ae360376') in 1.169220 seconds 
========================================================================
Received Import Request.
  Time since last request: 0.000125 seconds.
  path: Assets/Free HDR Skyboxes Pack/Texture/Sky-4.hdr
  artifactKey: Guid(be88cfb0ed2252243bf1d2babbfd53b5) Importer(815301076,1909f56bfc062723c751e8b465ee728b)
Start importing Assets/Free HDR Skyboxes Pack/Texture/Sky-4.hdr using Guid(be88cfb0ed2252243bf1d2babbfd53b5) Importer(815301076,1909f56bfc062723c751e8b465ee728b)  -> (artifact id: 'a47ee48d3e1e115acf1aba738ef034f6') in 1.156791 seconds 
========================================================================
Received Import Request.
  Time since last request: 0.000124 seconds.
  path: Assets/Free HDR Skyboxes Pack/Texture/Sky-3.hdr
  artifactKey: Guid(5a817d7ded3353146a488c3ec0e7bab6) Importer(815301076,1909f56bfc062723c751e8b465ee728b)
Start importing Assets/Free HDR Skyboxes Pack/Texture/Sky-3.hdr using Guid(5a817d7ded3353146a488c3ec0e7bab6) Importer(815301076,1909f56bfc062723c751e8b465ee728b)  -> (artifact id: '9ac6c18e8a0f0fb4392f7bac72a0af2f') in 1.202192 seconds 
========================================================================
Received Import Request.
  Time since last request: 8.261494 seconds.
  path: Assets/New Terrain 1.asset
  artifactKey: Guid(c8a29ba72bb038c4497736db31d7e1c0) Importer(815301076,1909f56bfc062723c751e8b465ee728b)
Start importing Assets/New Terrain 1.asset using Guid(c8a29ba72bb038c4497736db31d7e1c0) Importer(815301076,1909f56bfc062723c751e8b465ee728b)  -> (artifact id: 'fcd77689ea4e4e27ef09201ff2e03927') in 0.006520 seconds 
========================================================================
Received Prepare
Registering precompiled user dll's ...
Registered in 0.002272 seconds.
Begin MonoManager ReloadAssembly
Native extension for WindowsStandalone target not found
Refreshing native plugins compatible for Editor in 0.58 ms, found 2 plugins.
Preloading 0 native plugins for Editor in 0.00 ms.
Mono: successfully reloaded assembly
- Completed reload, in  0.603 seconds
Domain Reload Profiling:
	ReloadAssembly (603ms)
		BeginReloadAssembly (84ms)
			ExecutionOrderSort (0ms)
			DisableScriptedObjects (3ms)
			BackupInstance (0ms)
			ReleaseScriptingObjects (0ms)
			CreateAndSetChildDomain (26ms)
		EndReloadAssembly (482ms)
			LoadAssemblies (66ms)
			RebuildTransferFunctionScriptingTraits (0ms)
			SetupTypeCache (163ms)
			ReleaseScriptCaches (1ms)
			RebuildScriptCaches (22ms)
			SetupLoadedEditorAssemblies (187ms)
				LogAssemblyErrors (0ms)
				InitializePlatformSupportModulesInManaged (3ms)
				SetLoadedEditorAssemblies (0ms)
				RefreshPlugins (1ms)
				BeforeProcessingInitializeOnLoad (51ms)
				ProcessInitializeOnLoadAttributes (124ms)
				ProcessInitializeOnLoadMethodAttributes (6ms)
				AfterProcessingInitializeOnLoad (2ms)
				EditorAssembliesLoaded (0ms)
			ExecutionOrderSort2 (0ms)
			AwakeInstancesAfterBackupRestoration (2ms)
Platform modules already initialized, skipping
Refreshing native plugins compatible for Editor in 0.35 ms, found 2 plugins.
Preloading 0 native plugins for Editor in 0.00 ms.
Unloading 1314 Unused Serialized files (Serialized files now loaded: 0)
System memory in use before: 93.1 MB.
System memory in use after: 93.2 MB.

Unloading 13 unused Assets to reduce memory usage. Loaded Objects now: 1844.
Total: 2.127500 ms (FindLiveObjects: 0.123200 ms CreateObjectMapping: 0.035500 ms MarkObjects: 1.922500 ms  DeleteObjects: 0.045800 ms)

AssetImportParameters requested are different than current active one (requested -> active):
  custom:framework-win-MediaFoundation: 216162199b28c13a410421893ffa2e32 -> 
  custom:video-decoder-ogg-theora: a1e56fd34408186e4bbccfd4996cb3dc -> 
  custom:container-muxer-webm: aa71ff27fc2769a1b78a27578f13a17b -> 
  custom:container-demuxer-webm: 4f35f7cbe854078d1ac9338744f61a02 -> 
  custom:container-demuxer-ogg: 62fdf1f143b41e24485cea50d1cbac27 -> 
  custom:video-encoder-webm-vp8: eb34c28f22e8b96e1ab97ce403110664 -> 
  custom:video-decoder-webm-vp8: 9c59270c3fd7afecdb556c50c9e8de78 -> 
  custom:audio-decoder-ogg-vorbis: bf7c407c2cedff20999df2af8eb42d56 -> 
  custom:audio-encoder-webm-vorbis: bf7c407c2cedff20999df2af8eb42d56 -> 
========================================================================
Received Import Request.
  Time since last request: 164.696776 seconds.
  path: Assets/FREE Skyboxes - Terrestrial/SBS Terra 1
  artifactKey: Guid(cb7dbd3c75f17a04fbd9c81f71431651) Importer(815301076,1909f56bfc062723c751e8b465ee728b)
Start importing Assets/FREE Skyboxes - Terrestrial/SBS Terra 1 using Guid(cb7dbd3c75f17a04fbd9c81f71431651) Importer(815301076,1909f56bfc062723c751e8b465ee728b)  -> (artifact id: 'ce2948735f5b98c2125948d31dfa59bb') in 0.008700 seconds 
========================================================================
Received Import Request.
  Time since last request: 0.032340 seconds.
  path: Assets/FREE Skyboxes - Terrestrial/SBS Terra 1/SBS Terra 1.asset
  artifactKey: Guid(4aa32a56e5b5332408ff4252446a2274) Importer(815301076,1909f56bfc062723c751e8b465ee728b)
Start importing Assets/FREE Skyboxes - Terrestrial/SBS Terra 1/SBS Terra 1.asset using Guid(4aa32a56e5b5332408ff4252446a2274) Importer(815301076,1909f56bfc062723c751e8b465ee728b)  -> (artifact id: 'b2f10ef80d7e5b2e91d236dbf6b74eaf') in 0.004161 seconds 
========================================================================
Received Import Request.
  Time since last request: 2.243648 seconds.
  path: Assets/FREE Skyboxes - Terrestrial/SBS Terra 1/Small
  artifactKey: Guid(89ffe951b5aa51f4da6526d1c27f7f4d) Importer(815301076,1909f56bfc062723c751e8b465ee728b)
Start importing Assets/FREE Skyboxes - Terrestrial/SBS Terra 1/Small using Guid(89ffe951b5aa51f4da6526d1c27f7f4d) Importer(815301076,1909f56bfc062723c751e8b465ee728b)  -> (artifact id: '725d901d48f543c991b8720b0aeb6b80') in 0.006188 seconds 
========================================================================
Received Import Request.
  Time since last request: 2.043679 seconds.
  path: Assets/FREE Skyboxes - Terrestrial/SBS Terra 1/Large
  artifactKey: Guid(39ae06e30bdcc0b4f8de20a53db9cc4c) Importer(815301076,1909f56bfc062723c751e8b465ee728b)
Start importing Assets/FREE Skyboxes - Terrestrial/SBS Terra 1/Large using Guid(39ae06e30bdcc0b4f8de20a53db9cc4c) Importer(815301076,1909f56bfc062723c751e8b465ee728b)  -> (artifact id: '524146ad7c6204a73d46ee4479eeb31a') in 0.006061 seconds 
========================================================================
Received Import Request.
  Time since last request: 0.042159 seconds.
  path: Assets/FREE Skyboxes - Terrestrial/SBS Terra 1/Large/Skybox_Terra 1 Large.mat
  artifactKey: Guid(85662621bfff91c4a9390e5f52d493d7) Importer(815301076,1909f56bfc062723c751e8b465ee728b)
Start importing Assets/FREE Skyboxes - Terrestrial/SBS Terra 1/Large/Skybox_Terra 1 Large.mat using Guid(85662621bfff91c4a9390e5f52d493d7) Importer(815301076,1909f56bfc062723c751e8b465ee728b)  -> (artifact id: '3e8afcce97ec099ec1ae2ad8a82831a0') in 0.865219 seconds 
========================================================================
Received Import Request.
  Time since last request: 0.364381 seconds.
  path: Assets/FREE Skyboxes - Terrestrial/SBS Terra 1/Large/Textures/Front_Terra 1 Large.png
  artifactKey: Guid(875fc08eb565bfa4c858f9b239d7ca70) Importer(815301076,1909f56bfc062723c751e8b465ee728b)
Start importing Assets/FREE Skyboxes - Terrestrial/SBS Terra 1/Large/Textures/Front_Terra 1 Large.png using Guid(875fc08eb565bfa4c858f9b239d7ca70) Importer(815301076,1909f56bfc062723c751e8b465ee728b)  -> (artifact id: '03c10d62ed8c99b10882266556c5c2ea') in 0.128426 seconds 
========================================================================
Received Import Request.
  Time since last request: 0.000134 seconds.
  path: Assets/FREE Skyboxes - Terrestrial/SBS Terra 1/Large/Textures/Up_Terra 1 Large.png
  artifactKey: Guid(e04693c247a9b474da88c4f817063c69) Importer(815301076,1909f56bfc062723c751e8b465ee728b)
Start importing Assets/FREE Skyboxes - Terrestrial/SBS Terra 1/Large/Textures/Up_Terra 1 Large.png using Guid(e04693c247a9b474da88c4f817063c69) Importer(815301076,1909f56bfc062723c751e8b465ee728b)  -> (artifact id: '78b1eddda16754f256e5b86e035ea1ab') in 0.078925 seconds 
========================================================================
Received Import Request.
  Time since last request: 0.000113 seconds.
  path: Assets/FREE Skyboxes - Terrestrial/SBS Terra 1/Large/Textures/Back_Terra 1 Large.png
  artifactKey: Guid(9686d3a0b1eac98489e4f232a7c78489) Importer(815301076,1909f56bfc062723c751e8b465ee728b)
Start importing Assets/FREE Skyboxes - Terrestrial/SBS Terra 1/Large/Textures/Back_Terra 1 Large.png using Guid(9686d3a0b1eac98489e4f232a7c78489) Importer(815301076,1909f56bfc062723c751e8b465ee728b)  -> (artifact id: '2f10c2672172154b567f63b7c5487a2e') in 0.065463 seconds 
========================================================================
Received Import Request.
  Time since last request: 0.000125 seconds.
  path: Assets/FREE Skyboxes - Terrestrial/SBS Terra 1/Large/Textures/Right_Terra 1 Large.png
  artifactKey: Guid(14db6f0486961a04dac52c8e879ccd28) Importer(815301076,1909f56bfc062723c751e8b465ee728b)
Start importing Assets/FREE Skyboxes - Terrestrial/SBS Terra 1/Large/Textures/Right_Terra 1 Large.png using Guid(14db6f0486961a04dac52c8e879ccd28) Importer(815301076,1909f56bfc062723c751e8b465ee728b)  -> (artifact id: '56948d2ef1fcd6dac1e5f339efe2dcfc') in 0.065417 seconds 
========================================================================
Received Import Request.
  Time since last request: 0.000129 seconds.
  path: Assets/FREE Skyboxes - Terrestrial/SBS Terra 1/Large/Textures/Left_Terra 1 Large.png
  artifactKey: Guid(e93ed682f2757a747a34ece06399ee75) Importer(815301076,1909f56bfc062723c751e8b465ee728b)
Start importing Assets/FREE Skyboxes - Terrestrial/SBS Terra 1/Large/Textures/Left_Terra 1 Large.png using Guid(e93ed682f2757a747a34ece06399ee75) Importer(815301076,1909f56bfc062723c751e8b465ee728b)  -> (artifact id: 'ba3b035a73337eb28c4e9480e4421a74') in 0.066385 seconds 
========================================================================
Received Import Request.
  Time since last request: 0.000113 seconds.
  path: Assets/FREE Skyboxes - Terrestrial/SBS Terra 1/Large/Textures/Down_Terra 1 Large.png
  artifactKey: Guid(db25c4aa2c4d9c140abff251f85ae01c) Importer(815301076,1909f56bfc062723c751e8b465ee728b)
Start importing Assets/FREE Skyboxes - Terrestrial/SBS Terra 1/Large/Textures/Down_Terra 1 Large.png using Guid(db25c4aa2c4d9c140abff251f85ae01c) Importer(815301076,1909f56bfc062723c751e8b465ee728b)  -> (artifact id: '3890d21bce8a0173dec2a2b22a2660f1') in 0.065778 seconds 
========================================================================
Received Import Request.
  Time since last request: 4.604326 seconds.
  path: Assets/FREE Skyboxes - Terrestrial/Demo Scenes/SBS Terra 5.unity
  artifactKey: Guid(b1a17dea1d20fd0409df23638ebf0e6c) Importer(815301076,1909f56bfc062723c751e8b465ee728b)
Start importing Assets/FREE Skyboxes - Terrestrial/Demo Scenes/SBS Terra 5.unity using Guid(b1a17dea1d20fd0409df23638ebf0e6c) Importer(815301076,1909f56bfc062723c751e8b465ee728b)  -> (artifact id: '7e0dcbb34dd2d390f120fe8a5c731639') in 0.007248 seconds 
========================================================================
Received Import Request.
  Time since last request: 17.227536 seconds.
  path: Assets/FREE Skyboxes - Terrestrial/SBS Terra 5/Large/Textures/Back_Terra 5 Large.png
  artifactKey: Guid(89d90504769337149b4bb6e8ebf482c9) Importer(815301076,1909f56bfc062723c751e8b465ee728b)
Start importing Assets/FREE Skyboxes - Terrestrial/SBS Terra 5/Large/Textures/Back_Terra 5 Large.png using Guid(89d90504769337149b4bb6e8ebf482c9) Importer(815301076,1909f56bfc062723c751e8b465ee728b)  -> (artifact id: 'c701d6639f16dd3366a1579967f23139') in 0.088245 seconds 
========================================================================
Received Import Request.
  Time since last request: 0.000130 seconds.
  path: Assets/FREE Skyboxes - Terrestrial/SBS Terra 5/Large/Textures/Down_Terra 5 Large.png
  artifactKey: Guid(713aeefebb55aee449c12ca15c6f7413) Importer(815301076,1909f56bfc062723c751e8b465ee728b)
Start importing Assets/FREE Skyboxes - Terrestrial/SBS Terra 5/Large/Textures/Down_Terra 5 Large.png using Guid(713aeefebb55aee449c12ca15c6f7413) Importer(815301076,1909f56bfc062723c751e8b465ee728b)  -> (artifact id: '7b4ebec7cb01c1524b2da4c98c45966b') in 0.081351 seconds 
========================================================================
Received Import Request.
  Time since last request: 0.000126 seconds.
  path: Assets/FREE Skyboxes - Terrestrial/SBS Terra 5/Large/Textures/Up_Terra 5 Large.png
  artifactKey: Guid(6ecc9e474c42a9d4ba220b1886e44a2f) Importer(815301076,1909f56bfc062723c751e8b465ee728b)
Start importing Assets/FREE Skyboxes - Terrestrial/SBS Terra 5/Large/Textures/Up_Terra 5 Large.png using Guid(6ecc9e474c42a9d4ba220b1886e44a2f) Importer(815301076,1909f56bfc062723c751e8b465ee728b)  -> (artifact id: 'd54435cde8a3df7149d1c76f29023883') in 0.082413 seconds 
========================================================================
Received Import Request.
  Time since last request: 0.000126 seconds.
  path: Assets/FREE Skyboxes - Terrestrial/SBS Terra 5/Large/Textures/Front_Terra 5 Large.png
  artifactKey: Guid(7f5d554a06c9daa40a2db433a144876f) Importer(815301076,1909f56bfc062723c751e8b465ee728b)
Start importing Assets/FREE Skyboxes - Terrestrial/SBS Terra 5/Large/Textures/Front_Terra 5 Large.png using Guid(7f5d554a06c9daa40a2db433a144876f) Importer(815301076,1909f56bfc062723c751e8b465ee728b)  -> (artifact id: '317e92c44f2e874d621acda9789d0a2c') in 0.083745 seconds 
========================================================================
Received Import Request.
  Time since last request: 0.000118 seconds.
  path: Assets/FREE Skyboxes - Terrestrial/SBS Terra 5/Large/Textures/Right_Terra 5 Large.png
  artifactKey: Guid(df3f221bb08bb5e4ba65fb4a9308e6cb) Importer(815301076,1909f56bfc062723c751e8b465ee728b)
Start importing Assets/FREE Skyboxes - Terrestrial/SBS Terra 5/Large/Textures/Right_Terra 5 Large.png using Guid(df3f221bb08bb5e4ba65fb4a9308e6cb) Importer(815301076,1909f56bfc062723c751e8b465ee728b)  -> (artifact id: 'cebdb3927a3c24c33a177548b4c0f8b5') in 0.079447 seconds 
========================================================================
Received Import Request.
  Time since last request: 0.000120 seconds.
  path: Assets/FREE Skyboxes - Terrestrial/SBS Terra 5/Large/Textures/Left_Terra 5 Large.png
  artifactKey: Guid(f1b17838653a1ea408a89197f1f527fc) Importer(815301076,1909f56bfc062723c751e8b465ee728b)
Start importing Assets/FREE Skyboxes - Terrestrial/SBS Terra 5/Large/Textures/Left_Terra 5 Large.png using Guid(f1b17838653a1ea408a89197f1f527fc) Importer(815301076,1909f56bfc062723c751e8b465ee728b)  -> (artifact id: '39892aa791f6d843ecd8f69f9c24a4b1') in 0.085462 seconds 
========================================================================
Received Import Request.
  Time since last request: 3.820345 seconds.
  path: Assets/FREE Skyboxes - Terrestrial/SBS Terra 5/Large/Skybox_Terra 5 Large.mat
  artifactKey: Guid(fec6c60c44d14d142b78c611cef47a14) Importer(815301076,1909f56bfc062723c751e8b465ee728b)
Start importing Assets/FREE Skyboxes - Terrestrial/SBS Terra 5/Large/Skybox_Terra 5 Large.mat using Guid(fec6c60c44d14d142b78c611cef47a14) Importer(815301076,1909f56bfc062723c751e8b465ee728b)  -> (artifact id: 'b5708eaa5b32a82e49cfaa5da111c0f9') in 0.479496 seconds 
========================================================================
Received Import Request.
  Time since last request: 11.923470 seconds.
  path: Assets/Scenes
  artifactKey: Guid(0b9b0b13cd2a75d44810ffae9d8520f2) Importer(815301076,1909f56bfc062723c751e8b465ee728b)
Start importing Assets/Scenes using Guid(0b9b0b13cd2a75d44810ffae9d8520f2) Importer(815301076,1909f56bfc062723c751e8b465ee728b)  -> (artifact id: '1212c63b5c2abd0d3ba66fb52139f1dc') in 0.006130 seconds 
========================================================================
Received Import Request.
  Time since last request: 0.808143 seconds.
  path: Assets/Scenes/SampleScene.unity
  artifactKey: Guid(9fc0d4010bbf28b4594072e72b8655ab) Importer(815301076,1909f56bfc062723c751e8b465ee728b)
Start importing Assets/Scenes/SampleScene.unity using Guid(9fc0d4010bbf28b4594072e72b8655ab) Importer(815301076,1909f56bfc062723c751e8b465ee728b)  -> (artifact id: '2c8e235f579c0c22f3078688fb3d214f') in 0.002482 seconds 
========================================================================
Received Import Request.
  Time since last request: 572.633183 seconds.
  path: Assets/FREE Skyboxes - Terrestrial/SBS Terra 5/SBS Terra 5.asset
  artifactKey: Guid(2aab4a2239abcd24ab985820bc3620b4) Importer(815301076,1909f56bfc062723c751e8b465ee728b)
Start importing Assets/FREE Skyboxes - Terrestrial/SBS Terra 5/SBS Terra 5.asset using Guid(2aab4a2239abcd24ab985820bc3620b4) Importer(815301076,1909f56bfc062723c751e8b465ee728b)  -> (artifact id: 'bc6382c985529d2e5c763fd56651d13e') in 0.009114 seconds 
========================================================================
Received Import Request.
  Time since last request: 1.825241 seconds.
  path: Assets/FREE Skyboxes - Terrestrial/SBS Terra 5/Large
  artifactKey: Guid(ceb9d159ca9c1ec46b296c6396bb6084) Importer(815301076,1909f56bfc062723c751e8b465ee728b)
Start importing Assets/FREE Skyboxes - Terrestrial/SBS Terra 5/Large using Guid(ceb9d159ca9c1ec46b296c6396bb6084) Importer(815301076,1909f56bfc062723c751e8b465ee728b)  -> (artifact id: '29e593cc29c3c807cd850ee8431fe322') in 0.002428 seconds 
AssetImportWorkerClient::OnTransportError - code=2 error=End of file
